*******************************************************************
* Genome-wide Complex Trait Analysis (GCTA)
* version v1.94.1 Linux
* Built at Nov 15 2022 21:14:25, by GCC 8.5
* (C) 2010-present, Yang Lab, Westlake University
* Please report bugs to Jian Yang <jian.yang@westlake.edu.cn>
*******************************************************************
Analysis started at 05:24:31 CEST on Sat Aug 17 2024.
Hostname: node2

Options: 
 
--bfile imputed_data_autosomes 
--make-grm 
--out imputed_data_autosomes.grm 
--autosome-num 29 

Note: GRM is computed using the SNPs on the autosomes.
Reading PLINK FAM file from [imputed_data_autosomes.fam]...
1911 individuals to be included from FAM file.
1911 individuals to be included. 0 males, 0 females, 1911 unknown.
Reading PLINK BIM file from [imputed_data_autosomes.bim]...
16408424 SNPs to be included from BIM file(s).
Computing the genetic relationship matrix (GRM) v2 ...
Subset 1/1, no. subject 1-1911
  1911 samples, 16408424 markers, 1826916 GRM elements
IDs for the GRM file have been saved in the file [imputed_data_autosomes.grm.grm.id]
Computing GRM...
  60.3% Estimated time remaining 3.3 min
  100% finished in 528.4 sec
16408424 SNPs have been processed.
  Used 3727548 valid SNPs.
The GRM computation is completed.
Saving GRM...
GRM has been saved in the file [imputed_data_autosomes.grm.grm.bin]
Number of SNPs in each pair of individuals has been saved in the file [imputed_data_autosomes.grm.grm.N.bin]

Analysis finished at 05:33:34 CEST on Sat Aug 17 2024
Overall computational time: 9 minutes 2 sec.
